[TRACE] 17:56:16:889 Consola/(15213:15213): Main: Socket cliente creado.
[TRACE] 17:56:21:514 Consola/(15213:15213): Main: Se envio un mensaje de handshake correcto.
[TRACE] 17:56:22:790 Consola/(15213:15213): Main: Se recibio un mensaje de handshake correcto.
[TRACE] 17:57:33:978 Consola/(15213:15213): Main: Hilo programa creado correctamente.
[TRACE] 18:00:21:243 Consola/(15385:15385): Main: Socket cliente creado.
[TRACE] 18:00:21:243 Consola/(15385:15385): Main: Se envio un mensaje de handshake correcto.
[TRACE] 18:00:21:243 Consola/(15385:15385): Main: Se recibio un mensaje de handshake correcto.
[TRACE] 18:00:28:26 Consola/(15385:15385): Main: Hilo programa creado correctamente.
[ERROR] 18:00:45:51 Consola/(15385:15385): Main: No se ingreso un comando valido.
[TRACE] 18:02:32:56 Consola/(15481:15481): Main: Socket cliente creado.
[TRACE] 18:02:32:56 Consola/(15481:15481): Main: Se envio un mensaje de handshake correcto.
[TRACE] 18:02:32:56 Consola/(15481:15481): Main: Se recibio un mensaje de handshake correcto.
[TRACE] 18:03:03:377 Consola/(15538:15538): Main: Socket cliente creado.
[TRACE] 18:03:03:377 Consola/(15538:15538): Main: Se envio un mensaje de handshake correcto.
[TRACE] 18:03:03:377 Consola/(15538:15538): Main: Se recibio un mensaje de handshake correcto.
[TRACE] 18:03:14:519 Consola/(15538:15538): Main: Hilo programa creado correctamente.
[TRACE] 18:04:42:143 Consola/(15625:15625): Main: Socket cliente creado.
[TRACE] 18:04:42:143 Consola/(15625:15625): Main: Se envio un mensaje de handshake correcto.
[TRACE] 18:04:42:143 Consola/(15625:15625): Main: Se recibio un mensaje de handshake correcto.
[TRACE] 18:05:00:134 Consola/(15625:15625): Main: Hilo programa creado correctamente.
[ERROR] 18:05:28:570 Consola/(15625:15625): Main: No se ingreso un comando valido.
[ERROR] 18:05:35:801 Consola/(15625:15633): funcionesConsola->obtenerDatosScript: Error al abrir el archivo IniciarPrograma
[ERROR] 18:05:35:801 Consola/(15625:15633): funcionesConsola->iniciarPrograma: Error al obtener script AnSISOP.
[TRACE] 18:06:38:909 Consola/(15724:15724): Main: Socket cliente creado.
[TRACE] 18:06:38:909 Consola/(15724:15724): Main: Se envio un mensaje de handshake correcto.
[TRACE] 18:06:38:909 Consola/(15724:15724): Main: Se recibio un mensaje de handshake correcto.
[TRACE] 18:06:50:758 Consola/(15724:15724): Main: Hilo programa creado correctamente.
[TRACE] 18:22:23:489 Consola/(16298:16298): Main: Socket cliente creado.
[TRACE] 18:22:23:489 Consola/(16298:16298): Main: Se envio un mensaje de handshake correcto.
[TRACE] 18:22:23:489 Consola/(16298:16298): Main: Se recibio un mensaje de handshake correcto.
[TRACE] 18:23:26:530 Consola/(16298:16298): Main: Hilo programa creado correctamente.
[TRACE] 18:23:52:22 Consola/(16298:16311): funcionesConsola->iniciarPrograma: Script AnSISOP obtenido correctamente.
[TRACE] 18:24:53:131 Consola/(16431:16431): Main: Socket cliente creado.
[TRACE] 18:24:53:131 Consola/(16431:16431): Main: Se envio un mensaje de handshake correcto.
[TRACE] 18:24:53:131 Consola/(16431:16431): Main: Se recibio un mensaje de handshake correcto.
[TRACE] 18:25:07:106 Consola/(16431:16431): Main: Hilo programa creado correctamente.
[TRACE] 18:25:14:457 Consola/(16431:16439): funcionesConsola->iniciarPrograma: Script AnSISOP obtenido correctamente.
[TRACE] 18:28:18:669 Consola/(16431:16431): Main: Hilo programa creado correctamente.
[TRACE] 18:28:43:294 Consola/(16431:16477): funcionesConsola->iniciarPrograma: Script AnSISOP obtenido correctamente.
[TRACE] 18:30:08:436 Consola/(16620:16620): Main: Socket cliente creado.
[TRACE] 18:30:08:436 Consola/(16620:16620): Main: Se envio un mensaje de handshake correcto.
[TRACE] 18:30:08:436 Consola/(16620:16620): Main: Se recibio un mensaje de handshake correcto.
[TRACE] 18:30:22:471 Consola/(16620:16620): Main: Hilo programa creado correctamente.
[TRACE] 18:30:26:832 Consola/(16620:16628): funcionesConsola->iniciarPrograma: Script AnSISOP obtenido correctamente.
[TRACE] 18:30:57:337 Consola/(16693:16693): Main: Socket cliente creado.
[TRACE] 18:30:58:328 Consola/(16693:16693): Main: Se envio un mensaje de handshake correcto.
[TRACE] 18:30:58:666 Consola/(16693:16693): Main: Se recibio un mensaje de handshake correcto.
[TRACE] 18:31:24:352 Consola/(16693:16693): Main: Hilo programa creado correctamente.
[TRACE] 18:31:26:56 Consola/(16693:16727): funcionesConsola->iniciarPrograma: Script AnSISOP obtenido correctamente.
[TRACE] 18:32:46:186 Consola/(16693:16693): Main: Hilo programa creado correctamente.
[TRACE] 18:32:50:815 Consola/(16693:16767): funcionesConsola->iniciarPrograma: Script AnSISOP obtenido correctamente.
[TRACE] 18:36:24:746 Consola/(16934:16934): Main: Socket cliente creado.
[TRACE] 18:36:24:746 Consola/(16934:16934): Main: Se envio un mensaje de handshake correcto.
[TRACE] 18:36:24:746 Consola/(16934:16934): Main: Se recibio un mensaje de handshake correcto.
[TRACE] 18:36:35:396 Consola/(16934:16934): Main: Hilo programa creado correctamente.
[TRACE] 18:36:41:814 Consola/(16934:16943): funcionesConsola->iniciarPrograma: Script AnSISOP obtenido correctamente.
[TRACE] 18:37:21:415 Consola/(16934:16934): Main: Hilo programa creado correctamente.
[TRACE] 18:37:23:231 Consola/(16934:16968): funcionesConsola->iniciarPrograma: Script AnSISOP obtenido correctamente.
